[debug] [2023-06-05T18:15:34.128Z] ----------------------------------------------------------------------
[debug] [2023-06-05T18:15:34.133Z] Command:       /usr/local/bin/node /Users/blakekhalil/.npm-global/bin/firebase init
[debug] [2023-06-05T18:15:34.133Z] CLI Version:   12.3.0
[debug] [2023-06-05T18:15:34.133Z] Platform:      darwin
[debug] [2023-06-05T18:15:34.134Z] Node Version:  v19.6.0
[debug] [2023-06-05T18:15:34.134Z] Time:          Mon Jun 05 2023 11:15:34 GMT-0700 (Mountain Standard Time)
[debug] [2023-06-05T18:15:34.134Z] ----------------------------------------------------------------------
[debug] 
[debug] [2023-06-05T18:15:34.136Z] > command requires scopes: ["email","openid","https://www.googleapis.com/auth/cloudplatformprojects.readonly","https://www.googleapis.com/auth/firebase","https://www.googleapis.com/auth/cloud-platform"]
[debug] [2023-06-05T18:15:34.136Z] > authorizing via signed-in user (bkhalil556@gmail.com)
[info] 
     ######## #### ########  ######## ########     ###     ######  ########
     ##        ##  ##     ## ##       ##     ##  ##   ##  ##       ##
     ######    ##  ########  ######   ########  #########  ######  ######
     ##        ##  ##    ##  ##       ##     ## ##     ##       ## ##
     ##       #### ##     ## ######## ########  ##     ##  ######  ########

You're about to initialize a Firebase project in this directory:

  /Users/blakekhalil/React-Projects/my-portfolio-site

[info] 
=== Project Setup
[info] 
[info] First, let's associate this project directory with a Firebase project.
[info] You can create multiple project aliases by running firebase use --add, 
[info] but for now we'll just set up a default project.
[info] 
